#
# There is insufficient memory for the Java Runtime Environment to continue.
# Native memory allocation (malloc) failed to allocate 32744 bytes. Error detail: Chunk::new
# Possible reasons:
#   The system is out of physical RAM or swap space
#   This process is running with CompressedOops enabled, and the Java Heap may be blocking the growth of the native heap
# Possible solutions:
#   Reduce memory load on the system
#   Increase physical memory or swap space
#   Check if swap backing store is full
#   Decrease Java heap size (-Xmx/-Xms)
#   Decrease number of Java threads
#   Decrease Java thread stack sizes (-Xss)
#   Set larger code cache with -XX:ReservedCodeCacheSize=
#   JVM is running with Unscaled Compressed Oops mode in which the Java heap is
#     placed in the first 4GB address space. The Java Heap base address is the
#     maximum limit for the native heap growth. Please use -XX:HeapBaseMinAddress
#     to set the Java Heap base and to place the Java Heap above 4GB virtual address.
# This output file may be truncated or incomplete.
#
#  Out of Memory Error (arena.cpp:168), pid=20936, tid=21128
#
# JRE version: OpenJDK Runtime Environment Temurin-21.0.6+7 (21.0.6+7) (build 21.0.6+7-LTS)
# Java VM: OpenJDK 64-Bit Server VM Temurin-21.0.6+7 (21.0.6+7-LTS, mixed mode, sharing, tiered, compressed oops, compressed class ptrs, parallel gc, windows-amd64)
# No core dump will be written. Minidumps are not enabled by default on client versions of Windows
#

---------------  S U M M A R Y ------------

Command Line: --add-modules=ALL-SYSTEM --add-opens=java.base/java.util=ALL-UNNAMED --add-opens=java.base/java.lang=ALL-UNNAMED --add-opens=java.base/sun.nio.fs=ALL-UNNAMED -Declipse.application=org.eclipse.jdt.ls.core.id1 -Dosgi.bundles.defaultStartLevel=4 -Declipse.product=org.eclipse.jdt.ls.core.product -Djava.import.generatesMetadataFilesAtProjectRoot=false -DDetectVMInstallationsJob.disabled=true -Dfile.encoding=utf8 -XX:+UseParallelGC -XX:GCTimeRatio=4 -XX:AdaptiveSizePolicyWeight=90 -Dsun.zip.disableMemoryMapping=true -Xmx1G -Xms100m -Xlog:disable -javaagent:c:\Users\HoTung\.vscode\extensions\redhat.java-1.40.0-win32-x64\lombok\lombok-1.18.36.jar -XX:+HeapDumpOnOutOfMemoryError -XX:HeapDumpPath=c:\Users\HoTung\AppData\Roaming\Code\User\workspaceStorage\87f8cb035f6d262938a81ae34bf2e055\redhat.java -Daether.dependencyCollector.impl=bf c:\Users\HoTung\.vscode\extensions\redhat.java-1.40.0-win32-x64\server\plugins\org.eclipse.equinox.launcher_1.6.1000.v20250131-0606.jar -configuration c:\Users\HoTung\AppData\Roaming\Code\User\globalStorage\redhat.java\1.40.0\config_win -data c:\Users\HoTung\AppData\Roaming\Code\User\workspaceStorage\87f8cb035f6d262938a81ae34bf2e055\redhat.java\jdt_ws --pipe=\\.\pipe\lsp-606a096b04d6949d96dc63041e54e2b4-sock

Host: 12th Gen Intel(R) Core(TM) i5-12500H, 16 cores, 15G,  Windows 11 , 64 bit Build 22621 (10.0.22621.4830)
Time: Fri Feb 28 14:00:44 2025 SE Asia Standard Time elapsed time: 5.678047 seconds (0d 0h 0m 5s)

---------------  T H R E A D  ---------------

Current thread (0x00000224a446e490):  JavaThread "C2 CompilerThread0" daemon [_thread_in_native, id=21128, stack(0x000000579a600000,0x000000579a700000) (1024K)]


Current CompileTask:
C2:5678 1773       4       java.lang.AbstractStringBuilder::<init> (39 bytes)

Stack: [0x000000579a600000,0x000000579a700000]
Native frames: (J=compiled Java code, j=interpreted, Vv=VM code, C=native code)
V  [jvm.dll+0x6cdee9]
V  [jvm.dll+0x8a83d1]
V  [jvm.dll+0x8aa8fe]
V  [jvm.dll+0x8aafe3]
V  [jvm.dll+0x27f706]
V  [jvm.dll+0xc500d]
V  [jvm.dll+0xc5543]
V  [jvm.dll+0x3b678c]
V  [jvm.dll+0x382935]
V  [jvm.dll+0x381d9a]
V  [jvm.dll+0x2479f0]
V  [jvm.dll+0x246fcf]
V  [jvm.dll+0x1c75ee]
V  [jvm.dll+0x25685a]
V  [jvm.dll+0x254dfa]
V  [jvm.dll+0x3f0256]
V  [jvm.dll+0x851f8b]
V  [jvm.dll+0x6cc5ed]
C  [ucrtbase.dll+0x29333]
C  [KERNEL32.DLL+0x1259d]
C  [ntdll.dll+0x5af38]


---------------  P R O C E S S  ---------------

Threads class SMR info:
_java_thread_list=0x00000224fcae8c40, length=12, elements={
0x00000224a43b1540, 0x00000224a44533e0, 0x00000224b879b5f0, 0x00000224a4455a20,
0x00000224a4457480, 0x00000224a4458830, 0x00000224a445a520, 0x00000224a446e490,
0x00000224a44690a0, 0x00000224fae978f0, 0x00000224fafa5710, 0x00000224fc9ac280
}

Java Threads: ( => current thread )
  0x00000224a43b1540 JavaThread "main"                              [_thread_in_native, id=21068, stack(0x0000005799c00000,0x0000005799d00000) (1024K)]
  0x00000224a44533e0 JavaThread "Reference Handler"          daemon [_thread_blocked, id=21104, stack(0x000000579a000000,0x000000579a100000) (1024K)]
  0x00000224b879b5f0 JavaThread "Finalizer"                  daemon [_thread_blocked, id=21108, stack(0x000000579a100000,0x000000579a200000) (1024K)]
  0x00000224a4455a20 JavaThread "Signal Dispatcher"          daemon [_thread_blocked, id=21112, stack(0x000000579a200000,0x000000579a300000) (1024K)]
  0x00000224a4457480 JavaThread "Attach Listener"            daemon [_thread_blocked, id=21116, stack(0x000000579a300000,0x000000579a400000) (1024K)]
  0x00000224a4458830 JavaThread "Service Thread"             daemon [_thread_blocked, id=21120, stack(0x000000579a400000,0x000000579a500000) (1024K)]
  0x00000224a445a520 JavaThread "Monitor Deflation Thread"   daemon [_thread_blocked, id=21124, stack(0x000000579a500000,0x000000579a600000) (1024K)]
=>0x00000224a446e490 JavaThread "C2 CompilerThread0"         daemon [_thread_in_native, id=21128, stack(0x000000579a600000,0x000000579a700000) (1024K)]
  0x00000224a44690a0 JavaThread "C1 CompilerThread0"         daemon [_thread_blocked, id=21136, stack(0x000000579a700000,0x000000579a800000) (1024K)]
  0x00000224fae978f0 JavaThread "Common-Cleaner"             daemon [_thread_blocked, id=21168, stack(0x000000579a800000,0x000000579a900000) (1024K)]
  0x00000224fafa5710 JavaThread "Notification Thread"        daemon [_thread_blocked, id=21300, stack(0x000000579aa00000,0x000000579ab00000) (1024K)]
  0x00000224fc9ac280 JavaThread "Active Thread: Equinox Container: eb1a057e-ca51-4058-8ab2-3892931c456f"        [_thread_blocked, id=6628, stack(0x000000579b100000,0x000000579b200000) (1024K)]
Total: 12

Other Threads:
  0x00000224b8785480 VMThread "VM Thread"                           [id=21096, stack(0x0000005799f00000,0x000000579a000000) (1024K)]
  0x00000224b867ca00 WatcherThread "VM Periodic Task Thread"        [id=21076, stack(0x0000005799e00000,0x0000005799f00000) (1024K)]
  0x00000224a43cfa30 WorkerThread "GC Thread#0"                     [id=21072, stack(0x0000005799d00000,0x0000005799e00000) (1024K)]
  0x00000224fcc34c50 WorkerThread "GC Thread#1"                     [id=6736, stack(0x000000579ab00000,0x000000579ac00000) (1024K)]
  0x00000224fcbe1f90 WorkerThread "GC Thread#2"                     [id=20520, stack(0x000000579ac00000,0x000000579ad00000) (1024K)]
  0x00000224fcbe2330 WorkerThread "GC Thread#3"                     [id=20516, stack(0x000000579ad00000,0x000000579ae00000) (1024K)]
  0x00000224fcac5870 WorkerThread "GC Thread#4"                     [id=20536, stack(0x000000579ae00000,0x000000579af00000) (1024K)]
  0x00000224fcc1b730 WorkerThread "GC Thread#5"                     [id=20540, stack(0x000000579af00000,0x000000579b000000) (1024K)]
  0x00000224fcc1c5b0 WorkerThread "GC Thread#6"                     [id=20544, stack(0x000000579b000000,0x000000579b100000) (1024K)]
Total: 9

Threads with active compile tasks:
C2 CompilerThread0  5690 1773       4       java.lang.AbstractStringBuilder::<init> (39 bytes)
C1 CompilerThread0  5690 1777       3       org.eclipse.osgi.internal.framework.BundleContextImpl::getProperty (25 bytes)
Total: 2

VM state: not at safepoint (normal execution)

VM Mutex/Monitor currently owned by a thread: None

Heap address: 0x00000000c0000000, size: 1024 MB, Compressed Oops mode: 32-bit

CDS archive(s) mapped at: [0x00000224b9000000-0x00000224b9ba0000-0x00000224b9ba0000), size 12189696, SharedBaseAddress: 0x00000224b9000000, ArchiveRelocationMode: 1.
Compressed class space mapped at: 0x00000224ba000000-0x00000224fa000000, reserved size: 1073741824
Narrow klass base: 0x00000224b9000000, Narrow klass shift: 0, Narrow klass range: 0x100000000

GC Precious Log:
 CardTable entry size: 512
 CPUs: 16 total, 16 available
 Memory: 16124M
 Large Page Support: Disabled
 NUMA Support: Disabled
 Compressed Oops: Enabled (32-bit)
 Alignments: Space 512K, Generation 512K, Heap 2M
 Heap Min Capacity: 100M
 Heap Initial Capacity: 100M
 Heap Max Capacity: 1G
 Pre-touch: Disabled
 Parallel Workers: 13

Heap:
 PSYoungGen      total 29696K, used 27562K [0x00000000eab00000, 0x00000000ecc00000, 0x0000000100000000)
  eden space 25600K, 95% used [0x00000000eab00000,0x00000000ec2d5008,0x00000000ec400000)
  from space 4096K, 77% used [0x00000000ec400000,0x00000000ec715800,0x00000000ec800000)
  to   space 4096K, 0% used [0x00000000ec800000,0x00000000ec800000,0x00000000ecc00000)
 ParOldGen       total 68608K, used 16K [0x00000000c0000000, 0x00000000c4300000, 0x00000000eab00000)
  object space 68608K, 0% used [0x00000000c0000000,0x00000000c0004000,0x00000000c4300000)
 Metaspace       used 7690K, committed 8000K, reserved 1114112K
  class space    used 738K, committed 896K, reserved 1048576K

Card table byte_map: [0x00000224a3d50000,0x00000224a3f60000] _byte_map_base: 0x00000224a3750000

Marking Bits: (ParMarkBitMap*) 0x00007ffb19933260
 Begin Bits: [0x00000224b65a0000, 0x00000224b75a0000)
 End Bits:   [0x00000224b75a0000, 0x00000224b85a0000)

Polling page: 0x00000224a20f0000

Metaspace:

Usage:
  Non-class:      6.79 MB used.
      Class:    738.49 KB used.
       Both:      7.51 MB used.

Virtual space:
  Non-class space:       64.00 MB reserved,       6.94 MB ( 11%) committed,  1 nodes.
      Class space:        1.00 GB reserved,     896.00 KB ( <1%) committed,  1 nodes.
             Both:        1.06 GB reserved,       7.81 MB ( <1%) committed. 

Chunk freelists:
   Non-Class:  8.89 MB
       Class:  14.98 MB
        Both:  23.88 MB

MaxMetaspaceSize: unlimited
CompressedClassSpaceSize: 1.00 GB
Initial GC threshold: 21.00 MB
Current GC threshold: 21.00 MB
CDS: on
 - commit_granule_bytes: 65536.
 - commit_granule_words: 8192.
 - virtual_space_node_default_size: 8388608.
 - enlarge_chunks_in_place: 1.
 - use_allocation_guard: 0.


Internal statistics:

num_allocs_failed_limit: 0.
num_arena_births: 176.
num_arena_deaths: 0.
num_vsnodes_births: 2.
num_vsnodes_deaths: 0.
num_space_committed: 125.
num_space_uncommitted: 0.
num_chunks_returned_to_freelist: 0.
num_chunks_taken_from_freelist: 340.
num_chunk_merges: 0.
num_chunk_splits: 234.
num_chunks_enlarged: 170.
num_inconsistent_stats: 0.

CodeHeap 'non-profiled nmethods': size=119168Kb used=660Kb max_used=660Kb free=118508Kb
 bounds [0x00000224af140000, 0x00000224af3b0000, 0x00000224b65a0000]
CodeHeap 'profiled nmethods': size=119104Kb used=3330Kb max_used=3330Kb free=115773Kb
 bounds [0x00000224a75a0000, 0x00000224a78f0000, 0x00000224ae9f0000]
CodeHeap 'non-nmethods': size=7488Kb used=1214Kb max_used=1796Kb free=6273Kb
 bounds [0x00000224ae9f0000, 0x00000224aec60000, 0x00000224af140000]
 total_blobs=2252 nmethods=1774 adapters=385
 compilation: enabled
              stopped_count=0, restarted_count=0
 full_count=0

Compilation events (20 events):
Event: 4.340 Thread 0x00000224a44690a0 1766       3       java.util.Collections::emptyIterator (4 bytes)
Event: 4.340 Thread 0x00000224a44690a0 nmethod 1766 0x00000224a78d6610 code [0x00000224a78d67a0, 0x00000224a78d6898]
Event: 4.662 Thread 0x00000224a44690a0 1767       3       java.lang.String::<init> (10 bytes)
Event: 4.663 Thread 0x00000224a44690a0 nmethod 1767 0x00000224a78d6910 code [0x00000224a78d6ac0, 0x00000224a78d6c10]
Event: 4.832 Thread 0x00000224a44690a0 1768       3       java.io.File::slashify (84 bytes)
Event: 4.832 Thread 0x00000224a44690a0 nmethod 1768 0x00000224a78d6d10 code [0x00000224a78d7020, 0x00000224a78d7d68]
Event: 4.832 Thread 0x00000224a44690a0 1769       3       java.io.WinNTFileSystem::resolve (326 bytes)
Event: 4.834 Thread 0x00000224a44690a0 nmethod 1769 0x00000224a78d8310 code [0x00000224a78d8840, 0x00000224a78db648]
Event: 5.242 Thread 0x00000224a44690a0 1770       3       java.util.StringTokenizer::<init> (52 bytes)
Event: 5.242 Thread 0x00000224a44690a0 nmethod 1770 0x00000224a78dc790 code [0x00000224a78dc960, 0x00000224a78dcc50]
Event: 5.354 Thread 0x00000224a446e490 1771       4       java.lang.AbstractStringBuilder::newCapacity (59 bytes)
Event: 5.355 Thread 0x00000224a446e490 nmethod 1771 0x00000224af1e4c90 code [0x00000224af1e4e20, 0x00000224af1e4f38]
Event: 5.371 Thread 0x00000224a44690a0 1772       3       java.io.File::<init> (111 bytes)
Event: 5.371 Thread 0x00000224a44690a0 nmethod 1772 0x00000224a78dce10 code [0x00000224a78dd0c0, 0x00000224a78ddb40]
Event: 5.676 Thread 0x00000224a446e490 1773       4       java.lang.AbstractStringBuilder::<init> (39 bytes)
Event: 5.676 Thread 0x00000224a44690a0 1774       3       java.net.URLStreamHandler::<init> (5 bytes)
Event: 5.676 Thread 0x00000224a44690a0 nmethod 1774 0x00000224a78ddf90 code [0x00000224a78de140, 0x00000224a78de2a8]
Event: 5.676 Thread 0x00000224a44690a0 1775       3       org.eclipse.osgi.internal.framework.EquinoxConfiguration::getProperty (9 bytes)
Event: 5.677 Thread 0x00000224a44690a0 nmethod 1775 0x00000224a78de390 code [0x00000224a78de5e0, 0x00000224a78ded78]
Event: 5.677 Thread 0x00000224a44690a0 1776       3       org.eclipse.osgi.internal.framework.EquinoxConfiguration$ConfigValues::getProperty (31 bytes)

GC Heap History (2 events):
Event: 0.868 GC heap before
{Heap before GC invocations=1 (full 0):
 PSYoungGen      total 29696K, used 25600K [0x00000000eab00000, 0x00000000ecc00000, 0x0000000100000000)
  eden space 25600K, 100% used [0x00000000eab00000,0x00000000ec400000,0x00000000ec400000)
  from space 4096K, 0% used [0x00000000ec800000,0x00000000ec800000,0x00000000ecc00000)
  to   space 4096K, 0% used [0x00000000ec400000,0x00000000ec400000,0x00000000ec800000)
 ParOldGen       total 68608K, used 0K [0x00000000c0000000, 0x00000000c4300000, 0x00000000eab00000)
  object space 68608K, 0% used [0x00000000c0000000,0x00000000c0000000,0x00000000c4300000)
 Metaspace       used 4254K, committed 4416K, reserved 1114112K
  class space    used 421K, committed 512K, reserved 1048576K
}
Event: 0.897 GC heap after
{Heap after GC invocations=1 (full 0):
 PSYoungGen      total 29696K, used 3158K [0x00000000eab00000, 0x00000000ecc00000, 0x0000000100000000)
  eden space 25600K, 0% used [0x00000000eab00000,0x00000000eab00000,0x00000000ec400000)
  from space 4096K, 77% used [0x00000000ec400000,0x00000000ec715800,0x00000000ec800000)
  to   space 4096K, 0% used [0x00000000ec800000,0x00000000ec800000,0x00000000ecc00000)
 ParOldGen       total 68608K, used 16K [0x00000000c0000000, 0x00000000c4300000, 0x00000000eab00000)
  object space 68608K, 0% used [0x00000000c0000000,0x00000000c0004000,0x00000000c4300000)
 Metaspace       used 4254K, committed 4416K, reserved 1114112K
  class space    used 421K, committed 512K, reserved 1048576K
}

Dll operation events (8 events):
Event: 0.029 Loaded shared library c:\Users\HoTung\.vscode\extensions\redhat.java-1.40.0-win32-x64\jre\21.0.6-win32-x86_64\bin\java.dll
Event: 0.115 Loaded shared library c:\Users\HoTung\.vscode\extensions\redhat.java-1.40.0-win32-x64\jre\21.0.6-win32-x86_64\bin\zip.dll
Event: 0.138 Loaded shared library C:\Users\HoTung\.vscode\extensions\redhat.java-1.40.0-win32-x64\jre\21.0.6-win32-x86_64\bin\instrument.dll
Event: 0.144 Loaded shared library C:\Users\HoTung\.vscode\extensions\redhat.java-1.40.0-win32-x64\jre\21.0.6-win32-x86_64\bin\net.dll
Event: 0.147 Loaded shared library C:\Users\HoTung\.vscode\extensions\redhat.java-1.40.0-win32-x64\jre\21.0.6-win32-x86_64\bin\nio.dll
Event: 0.150 Loaded shared library C:\Users\HoTung\.vscode\extensions\redhat.java-1.40.0-win32-x64\jre\21.0.6-win32-x86_64\bin\zip.dll
Event: 0.173 Loaded shared library C:\Users\HoTung\.vscode\extensions\redhat.java-1.40.0-win32-x64\jre\21.0.6-win32-x86_64\bin\jimage.dll
Event: 0.253 Loaded shared library c:\Users\HoTung\.vscode\extensions\redhat.java-1.40.0-win32-x64\jre\21.0.6-win32-x86_64\bin\verify.dll

Deoptimization events (20 events):
Event: 1.147 Thread 0x00000224a43b1540 DEOPT PACKING pc=0x00000224a765278d sp=0x0000005799cf4030
Event: 1.147 Thread 0x00000224a43b1540 DEOPT UNPACKING pc=0x00000224aea44242 sp=0x0000005799cf34e0 mode 0
Event: 1.156 Thread 0x00000224a43b1540 DEOPT PACKING pc=0x00000224a765278d sp=0x0000005799cf40a0
Event: 1.156 Thread 0x00000224a43b1540 DEOPT UNPACKING pc=0x00000224aea44242 sp=0x0000005799cf3550 mode 0
Event: 1.173 Thread 0x00000224a43b1540 Uncommon trap: trap_request=0xffffffc6 fr.pc=0x00000224af17cf50 relative=0x0000000000000290
Event: 1.173 Thread 0x00000224a43b1540 Uncommon trap: reason=bimorphic_or_optimized_type_check action=maybe_recompile pc=0x00000224af17cf50 method=java.util.Collections$UnmodifiableCollection$1.next()Ljava/lang/Object; @ 4 c2
Event: 1.174 Thread 0x00000224a43b1540 DEOPT PACKING pc=0x00000224af17cf50 sp=0x0000005799cf8270
Event: 1.174 Thread 0x00000224a43b1540 DEOPT UNPACKING pc=0x00000224aea43aa2 sp=0x0000005799cf8220 mode 2
Event: 1.174 Thread 0x00000224a43b1540 Uncommon trap: trap_request=0xffffffc6 fr.pc=0x00000224af17cf50 relative=0x0000000000000290
Event: 1.174 Thread 0x00000224a43b1540 Uncommon trap: reason=bimorphic_or_optimized_type_check action=maybe_recompile pc=0x00000224af17cf50 method=java.util.Collections$UnmodifiableCollection$1.next()Ljava/lang/Object; @ 4 c2
Event: 1.174 Thread 0x00000224a43b1540 DEOPT PACKING pc=0x00000224af17cf50 sp=0x0000005799cf8270
Event: 1.174 Thread 0x00000224a43b1540 DEOPT UNPACKING pc=0x00000224aea43aa2 sp=0x0000005799cf8220 mode 2
Event: 1.364 Thread 0x00000224a43b1540 DEOPT PACKING pc=0x00000224a7702308 sp=0x0000005799cfc200
Event: 1.364 Thread 0x00000224a43b1540 DEOPT UNPACKING pc=0x00000224aea44242 sp=0x0000005799cfb680 mode 0
Event: 1.365 Thread 0x00000224a43b1540 DEOPT PACKING pc=0x00000224a7702308 sp=0x0000005799cfc510
Event: 1.365 Thread 0x00000224a43b1540 DEOPT UNPACKING pc=0x00000224aea44242 sp=0x0000005799cfb990 mode 0
Event: 1.366 Thread 0x00000224a43b1540 DEOPT PACKING pc=0x00000224a7702308 sp=0x0000005799cfc460
Event: 1.366 Thread 0x00000224a43b1540 DEOPT UNPACKING pc=0x00000224aea44242 sp=0x0000005799cfb8e0 mode 0
Event: 1.367 Thread 0x00000224a43b1540 DEOPT PACKING pc=0x00000224a7702308 sp=0x0000005799cfc760
Event: 1.367 Thread 0x00000224a43b1540 DEOPT UNPACKING pc=0x00000224aea44242 sp=0x0000005799cfbbe0 mode 0

Classes loaded (20 events):
Event: 1.358 Loading class java/security/KeyStoreException
Event: 1.359 Loading class java/security/KeyStoreException done
Event: 1.380 Loading class java/util/LinkedList$Node
Event: 1.380 Loading class java/util/LinkedList$Node done
Event: 1.380 Loading class java/util/LinkedList$ListItr
Event: 1.381 Loading class java/util/LinkedList$ListItr done
Event: 1.382 Loading class java/lang/Thread$Builder$OfPlatform
Event: 1.382 Loading class java/lang/Thread$Builder
Event: 1.382 Loading class java/lang/Thread$Builder done
Event: 1.382 Loading class java/lang/Thread$Builder$OfPlatform done
Event: 1.382 Loading class java/lang/Thread$Builder$OfVirtual
Event: 1.382 Loading class java/lang/Thread$Builder$OfVirtual done
Event: 1.391 Loading class sun/nio/fs/WindowsChannelFactory
Event: 1.391 Loading class sun/nio/fs/WindowsChannelFactory done
Event: 1.391 Loading class sun/nio/fs/WindowsChannelFactory$1
Event: 1.392 Loading class sun/nio/fs/WindowsChannelFactory$1 done
Event: 1.393 Loading class sun/nio/fs/WindowsChannelFactory$Flags
Event: 1.393 Loading class sun/nio/fs/WindowsChannelFactory$Flags done
Event: 1.393 Loading class sun/nio/ch/FileChannelImpl$Closer
Event: 1.393 Loading class sun/nio/ch/FileChannelImpl$Closer done

Classes unloaded (0 events):
No events

Classes redefined (0 events):
No events

Internal exceptions (20 events):
Event: 0.822 Thread 0x00000224a43b1540 Exception <a 'java/lang/ClassNotFoundException'{0x00000000ec2dba60}: sun/net/www/protocol/c/Handler> (0x00000000ec2dba60) 
thrown [s\src\hotspot\share\classfile\systemDictionary.cpp, line 312]
Event: 0.832 Thread 0x00000224a43b1540 Exception <a 'java/io/FileNotFoundException'{0x00000000ec303be0}> (0x00000000ec303be0) 
thrown [s\src\hotspot\share\prims\jni.cpp, line 520]
Event: 0.905 Thread 0x00000224a43b1540 Implicit null exception at 0x00000224af18b149 to 0x00000224af18bab4
Event: 0.905 Thread 0x00000224a43b1540 Implicit null exception at 0x00000224af19409a to 0x00000224af1942a4
Event: 0.906 Thread 0x00000224a43b1540 Exception <a 'java/lang/NoSuchMethodError'{0x00000000eab2ec88}: 'void java.lang.invoke.DirectMethodHandle$Holder.invokeStatic(java.lang.Object, java.lang.Object, java.lang.Object, java.lang.Object)'> (0x00000000eab2ec88) 
thrown [s\src\hotspot\share\interpreter\linkResolver.cpp, line 773]
Event: 0.907 Thread 0x00000224a43b1540 Implicit null exception at 0x00000224af19083d to 0x00000224af1908c1
Event: 0.959 Thread 0x00000224a43b1540 Exception <a 'java/lang/NoSuchMethodError'{0x00000000eadb1530}: 'long java.lang.invoke.DirectMethodHandle$Holder.invokeStatic(java.lang.Object, java.lang.Object, int)'> (0x00000000eadb1530) 
thrown [s\src\hotspot\share\interpreter\linkResolver.cpp, line 773]
Event: 0.960 Thread 0x00000224a43b1540 Exception <a 'java/lang/NoSuchMethodError'{0x00000000eadb9098}: 'java.lang.Object java.lang.invoke.DirectMethodHandle$Holder.invokeSpecial(java.lang.Object, java.lang.Object, java.lang.Object, java.lang.Object, long)'> (0x00000000eadb9098) 
thrown [s\src\hotspot\share\interpreter\linkResolver.cpp, line 773]
Event: 0.962 Thread 0x00000224a43b1540 Exception <a 'java/lang/NoSuchMethodError'{0x00000000eadc6f60}: 'java.lang.Object java.lang.invoke.DirectMethodHandle$Holder.invokeSpecial(java.lang.Object, java.lang.Object, java.lang.Object, int, java.lang.Object)'> (0x00000000eadc6f60) 
thrown [s\src\hotspot\share\interpreter\linkResolver.cpp, line 773]
Event: 0.964 Thread 0x00000224a43b1540 Exception <a 'java/lang/NoSuchMethodError'{0x00000000eade0960}: 'java.lang.Object java.lang.invoke.Invokers$Holder.invokeExact_MT(java.lang.Object, java.lang.Object, java.lang.Object, java.lang.Object, java.lang.Object, java.lang.Object)'> (0x00000000eade0960) 
thrown [s\src\hotspot\share\interpreter\linkResolver.cpp, line 773]
Event: 0.969 Thread 0x00000224a43b1540 Exception <a 'java/lang/NoSuchMethodError'{0x00000000eadfa230}: 'int java.lang.invoke.DirectMethodHandle$Holder.invokeStaticInit(java.lang.Object, java.lang.Object, java.lang.Object, java.lang.Object)'> (0x00000000eadfa230) 
thrown [s\src\hotspot\share\interpreter\linkResolver.cpp, line 773]
Event: 0.970 Thread 0x00000224a43b1540 Exception <a 'java/lang/NoSuchMethodError'{0x00000000eae02c80}: 'java.lang.Object java.lang.invoke.DirectMethodHandle$Holder.invokeInterface(java.lang.Object, java.lang.Object)'> (0x00000000eae02c80) 
thrown [s\src\hotspot\share\interpreter\linkResolver.cpp, line 773]
Event: 0.971 Thread 0x00000224a43b1540 Exception <a 'java/lang/IncompatibleClassChangeError'{0x00000000eae061b8}: Found class java.lang.Object, but interface was expected> (0x00000000eae061b8) 
thrown [s\src\hotspot\share\interpreter\linkResolver.cpp, line 840]
Event: 0.972 Thread 0x00000224a43b1540 Exception <a 'java/lang/NoSuchMethodError'{0x00000000eae0a370}: 'void java.lang.invoke.DirectMethodHandle$Holder.invokeStatic(java.lang.Object, java.lang.Object)'> (0x00000000eae0a370) 
thrown [s\src\hotspot\share\interpreter\linkResolver.cpp, line 773]
Event: 0.972 Thread 0x00000224a43b1540 Exception <a 'java/lang/NoSuchMethodError'{0x00000000eae0d718}: 'void java.lang.invoke.DirectMethodHandle$Holder.invokeStaticInit(java.lang.Object, java.lang.Object)'> (0x00000000eae0d718) 
thrown [s\src\hotspot\share\interpreter\linkResolver.cpp, line 773]
Event: 0.974 Thread 0x00000224a43b1540 Exception <a 'java/lang/NoSuchMethodError'{0x00000000eae14738}: 'int java.lang.invoke.DirectMethodHandle$Holder.invokeStaticInit(java.lang.Object, java.lang.Object)'> (0x00000000eae14738) 
thrown [s\src\hotspot\share\interpreter\linkResolver.cpp, line 773]
Event: 1.065 Thread 0x00000224a43b1540 Exception <a 'java/lang/NoSuchMethodError'{0x00000000eaf743e0}: 'void java.lang.invoke.DirectMethodHandle$Holder.invokeSpecial(java.lang.Object, java.lang.Object, java.lang.Object)'> (0x00000000eaf743e0) 
thrown [s\src\hotspot\share\interpreter\linkResolver.cpp, line 773]
Event: 1.234 Thread 0x00000224a43b1540 Exception <a 'java/lang/NoSuchMethodError'{0x00000000eb971d78}: 'int java.lang.invoke.DirectMethodHandle$Holder.invokeVirtual(java.lang.Object, java.lang.Object)'> (0x00000000eb971d78) 
thrown [s\src\hotspot\share\interpreter\linkResolver.cpp, line 773]
Event: 1.310 Thread 0x00000224a43b1540 Exception <a 'java/lang/NoSuchMethodError'{0x00000000ebcf4410}: 'java.lang.Object java.lang.invoke.DirectMethodHandle$Holder.newInvokeSpecial(java.lang.Object, int, java.lang.Object)'> (0x00000000ebcf4410) 
thrown [s\src\hotspot\share\interpreter\linkResolver.cpp, line 773]
Event: 1.337 Thread 0x00000224a43b1540 Exception <a 'java/lang/NoSuchMethodError'{0x00000000ebea4b80}: 'java.lang.Object java.lang.invoke.DirectMethodHandle$Holder.newInvokeSpecial(java.lang.Object, java.lang.Object, java.lang.Object, java.lang.Object, int, java.lang.Object)'> (0x00000000ebea4b80) 
thrown [s\src\hotspot\share\interpreter\linkResolver.cpp, line 773]

ZGC Phase Switch (0 events):
No events

VM Operations (18 events):
Event: 0.112 Executing VM operation: HandshakeAllThreads (Deoptimize)
Event: 0.112 Executing VM operation: HandshakeAllThreads (Deoptimize) done
Event: 0.190 Executing VM operation: HandshakeAllThreads (Deoptimize)
Event: 0.191 Executing VM operation: HandshakeAllThreads (Deoptimize) done
Event: 0.558 Executing VM operation: HandshakeAllThreads (Deoptimize)
Event: 0.558 Executing VM operation: HandshakeAllThreads (Deoptimize) done
Event: 0.806 Executing VM operation: HandshakeAllThreads (Deoptimize)
Event: 0.806 Executing VM operation: HandshakeAllThreads (Deoptimize) done
Event: 0.867 Executing VM operation: ParallelGCFailedAllocation (Allocation Failure)
Event: 0.897 Executing VM operation: ParallelGCFailedAllocation (Allocation Failure) done
Event: 1.294 Executing VM operation: HandshakeAllThreads (Deoptimize)
Event: 1.294 Executing VM operation: HandshakeAllThreads (Deoptimize) done
Event: 1.302 Executing VM operation: HandshakeAllThreads (Deoptimize)
Event: 1.302 Executing VM operation: HandshakeAllThreads (Deoptimize) done
Event: 1.334 Executing VM operation: HandshakeAllThreads (Deoptimize)
Event: 1.334 Executing VM operation: HandshakeAllThreads (Deoptimize) done
Event: 2.349 Executing VM operation: Cleanup
Event: 2.349 Executing VM operation: Cleanup done

Memory protections (0 events):
No events

Nmethod flushes (0 events):
No events

Events (14 events):
Event: 0.054 Thread 0x00000224a43b1540 Thread added: 0x00000224a43b1540
Event: 0.079 Thread 0x00000224a43b1540 Thread added: 0x00000224a44533e0
Event: 0.079 Thread 0x00000224a43b1540 Thread added: 0x00000224b879b5f0
Event: 0.080 Thread 0x00000224a43b1540 Thread added: 0x00000224a4455a20
Event: 0.080 Thread 0x00000224a43b1540 Thread added: 0x00000224a4457480
Event: 0.080 Thread 0x00000224a43b1540 Thread added: 0x00000224a4458830
Event: 0.080 Thread 0x00000224a43b1540 Thread added: 0x00000224a445a520
Event: 0.080 Thread 0x00000224a43b1540 Thread added: 0x00000224a446e490
Event: 0.080 Thread 0x00000224a43b1540 Thread added: 0x00000224a44690a0
Event: 0.101 Thread 0x00000224a43b1540 Thread added: 0x00000224fae978f0
Event: 0.111 Thread 0x00000224a44690a0 Thread added: 0x00000224fae9d6b0
Event: 0.356 Thread 0x00000224a43b1540 Thread added: 0x00000224fafa5710
Event: 1.283 Thread 0x00000224a43b1540 Thread added: 0x00000224fc9ac280
Event: 2.891 Thread 0x00000224fae9d6b0 Thread exited: 0x00000224fae9d6b0


Dynamic libraries:
0x00007ff74f7f0000 - 0x00007ff74f7fe000 	c:\Users\HoTung\.vscode\extensions\redhat.java-1.40.0-win32-x64\jre\21.0.6-win32-x86_64\bin\java.exe
0x00007ffba06b0000 - 0x00007ffba08c7000 	C:\Windows\SYSTEM32\ntdll.dll
0x00007ffba02a0000 - 0x00007ffba0364000 	C:\Windows\System32\KERNEL32.DLL
0x00007ffb9d960000 - 0x00007ffb9dd30000 	C:\Windows\System32\KERNELBASE.dll
0x00007ffb9de80000 - 0x00007ffb9df91000 	C:\Windows\System32\ucrtbase.dll
0x00007ffb99bd0000 - 0x00007ffb99be8000 	c:\Users\HoTung\.vscode\extensions\redhat.java-1.40.0-win32-x64\jre\21.0.6-win32-x86_64\bin\jli.dll
0x00007ffb99bf0000 - 0x00007ffb99c0e000 	c:\Users\HoTung\.vscode\extensions\redhat.java-1.40.0-win32-x64\jre\21.0.6-win32-x86_64\bin\VCRUNTIME140.dll
0x00007ffb9f630000 - 0x00007ffb9f7de000 	C:\Windows\System32\USER32.dll
0x00007ffb88b20000 - 0x00007ffb88db2000 	C:\Windows\WinSxS\amd64_microsoft.windows.common-controls_6595b64144ccf1df_6.0.22621.4830_none_270fe7d773858e80\COMCTL32.dll
0x00007ffb9e020000 - 0x00007ffb9e046000 	C:\Windows\System32\win32u.dll
0x00007ffba0150000 - 0x00007ffba01f7000 	C:\Windows\System32\msvcrt.dll
0x00007ffb9f030000 - 0x00007ffb9f059000 	C:\Windows\System32\GDI32.dll
0x00007ffb9e280000 - 0x00007ffb9e39b000 	C:\Windows\System32\gdi32full.dll
0x00007ffb9dd30000 - 0x00007ffb9ddca000 	C:\Windows\System32\msvcp_win.dll
0x00007ffba0110000 - 0x00007ffba0141000 	C:\Windows\System32\IMM32.DLL
0x00007ffb99bc0000 - 0x00007ffb99bcc000 	c:\Users\HoTung\.vscode\extensions\redhat.java-1.40.0-win32-x64\jre\21.0.6-win32-x86_64\bin\vcruntime140_1.dll
0x00007ffb6d460000 - 0x00007ffb6d4ed000 	c:\Users\HoTung\.vscode\extensions\redhat.java-1.40.0-win32-x64\jre\21.0.6-win32-x86_64\bin\msvcp140.dll
0x00007ffb18c80000 - 0x00007ffb19a10000 	c:\Users\HoTung\.vscode\extensions\redhat.java-1.40.0-win32-x64\jre\21.0.6-win32-x86_64\bin\server\jvm.dll
0x00007ffba0480000 - 0x00007ffba0531000 	C:\Windows\System32\ADVAPI32.dll
0x00007ffb9eb00000 - 0x00007ffb9eba7000 	C:\Windows\System32\sechost.dll
0x00007ffb9de50000 - 0x00007ffb9de78000 	C:\Windows\System32\bcrypt.dll
0x00007ffba0540000 - 0x00007ffba0654000 	C:\Windows\System32\RPCRT4.dll
0x00007ffb9f5a0000 - 0x00007ffb9f611000 	C:\Windows\System32\WS2_32.dll
0x00007ffb9c7c0000 - 0x00007ffb9c80d000 	C:\Windows\SYSTEM32\POWRPROF.dll
0x00007ffb98e70000 - 0x00007ffb98ea4000 	C:\Windows\SYSTEM32\WINMM.dll
0x00007ffb96a50000 - 0x00007ffb96a5a000 	C:\Windows\SYSTEM32\VERSION.dll
0x00007ffb9c7a0000 - 0x00007ffb9c7b3000 	C:\Windows\SYSTEM32\UMPDC.dll
0x00007ffb9ca50000 - 0x00007ffb9ca68000 	C:\Windows\SYSTEM32\kernel.appcore.dll
0x00007ffb99bb0000 - 0x00007ffb99bba000 	c:\Users\HoTung\.vscode\extensions\redhat.java-1.40.0-win32-x64\jre\21.0.6-win32-x86_64\bin\jimage.dll
0x00007ffb9b260000 - 0x00007ffb9b492000 	C:\Windows\SYSTEM32\DBGHELP.DLL
0x00007ffb9e560000 - 0x00007ffb9e8f0000 	C:\Windows\System32\combase.dll
0x00007ffb9f0f0000 - 0x00007ffb9f1c7000 	C:\Windows\System32\OLEAUT32.dll
0x00007ffb7f090000 - 0x00007ffb7f0c2000 	C:\Windows\SYSTEM32\dbgcore.DLL
0x00007ffb9dfa0000 - 0x00007ffb9e01b000 	C:\Windows\System32\bcryptPrimitives.dll
0x00007ffb98fa0000 - 0x00007ffb98faf000 	c:\Users\HoTung\.vscode\extensions\redhat.java-1.40.0-win32-x64\jre\21.0.6-win32-x86_64\bin\instrument.dll
0x00007ffb87af0000 - 0x00007ffb87b0f000 	c:\Users\HoTung\.vscode\extensions\redhat.java-1.40.0-win32-x64\jre\21.0.6-win32-x86_64\bin\java.dll
0x00007ffb9f890000 - 0x00007ffba0108000 	C:\Windows\System32\SHELL32.dll
0x00007ffb9b860000 - 0x00007ffb9c170000 	C:\Windows\SYSTEM32\windows.storage.dll
0x00007ffb9b720000 - 0x00007ffb9b85f000 	C:\Windows\SYSTEM32\wintypes.dll
0x00007ffb9e450000 - 0x00007ffb9e55a000 	C:\Windows\System32\SHCORE.dll
0x00007ffb9eaa0000 - 0x00007ffb9eafe000 	C:\Windows\System32\shlwapi.dll
0x00007ffb9d890000 - 0x00007ffb9d8bb000 	C:\Windows\SYSTEM32\profapi.dll
0x00007ffb87ad0000 - 0x00007ffb87ae8000 	c:\Users\HoTung\.vscode\extensions\redhat.java-1.40.0-win32-x64\jre\21.0.6-win32-x86_64\bin\zip.dll
0x00007ffb98f40000 - 0x00007ffb98f50000 	C:\Users\HoTung\.vscode\extensions\redhat.java-1.40.0-win32-x64\jre\21.0.6-win32-x86_64\bin\net.dll
0x00007ffb9a4a0000 - 0x00007ffb9a5cc000 	C:\Windows\SYSTEM32\WINHTTP.dll
0x00007ffb9cec0000 - 0x00007ffb9cf2a000 	C:\Windows\system32\mswsock.dll
0x00007ffb470f0000 - 0x00007ffb47106000 	C:\Users\HoTung\.vscode\extensions\redhat.java-1.40.0-win32-x64\jre\21.0.6-win32-x86_64\bin\nio.dll
0x00007ffb470e0000 - 0x00007ffb470f0000 	c:\Users\HoTung\.vscode\extensions\redhat.java-1.40.0-win32-x64\jre\21.0.6-win32-x86_64\bin\verify.dll

dbghelp: loaded successfully - version: 4.0.5 - missing functions: none
symbol engine: initialized successfully - sym options: 0x614 - pdb path: .;c:\Users\HoTung\.vscode\extensions\redhat.java-1.40.0-win32-x64\jre\21.0.6-win32-x86_64\bin;C:\Windows\SYSTEM32;C:\Windows\WinSxS\amd64_microsoft.windows.common-controls_6595b64144ccf1df_6.0.22621.4830_none_270fe7d773858e80;c:\Users\HoTung\.vscode\extensions\redhat.java-1.40.0-win32-x64\jre\21.0.6-win32-x86_64\bin\server

VM Arguments:
jvm_args: --add-modules=ALL-SYSTEM --add-opens=java.base/java.util=ALL-UNNAMED --add-opens=java.base/java.lang=ALL-UNNAMED --add-opens=java.base/sun.nio.fs=ALL-UNNAMED -Declipse.application=org.eclipse.jdt.ls.core.id1 -Dosgi.bundles.defaultStartLevel=4 -Declipse.product=org.eclipse.jdt.ls.core.product -Djava.import.generatesMetadataFilesAtProjectRoot=false -DDetectVMInstallationsJob.disabled=true -Dfile.encoding=utf8 -XX:+UseParallelGC -XX:GCTimeRatio=4 -XX:AdaptiveSizePolicyWeight=90 -Dsun.zip.disableMemoryMapping=true -Xmx1G -Xms100m -Xlog:disable -javaagent:c:\Users\HoTung\.vscode\extensions\redhat.java-1.40.0-win32-x64\lombok\lombok-1.18.36.jar -XX:+HeapDumpOnOutOfMemoryError -XX:HeapDumpPath=c:\Users\HoTung\AppData\Roaming\Code\User\workspaceStorage\87f8cb035f6d262938a81ae34bf2e055\redhat.java -Daether.dependencyCollector.impl=bf 
java_command: c:\Users\HoTung\.vscode\extensions\redhat.java-1.40.0-win32-x64\server\plugins\org.eclipse.equinox.launcher_1.6.1000.v20250131-0606.jar -configuration c:\Users\HoTung\AppData\Roaming\Code\User\globalStorage\redhat.java\1.40.0\config_win -data c:\Users\HoTung\AppData\Roaming\Code\User\workspaceStorage\87f8cb035f6d262938a81ae34bf2e055\redhat.java\jdt_ws --pipe=\\.\pipe\lsp-606a096b04d6949d96dc63041e54e2b4-sock
java_class_path (initial): c:\Users\HoTung\.vscode\extensions\redhat.java-1.40.0-win32-x64\server\plugins\org.eclipse.equinox.launcher_1.6.1000.v20250131-0606.jar
Launcher Type: SUN_STANDARD

[Global flags]
    uintx AdaptiveSizePolicyWeight                 = 90                                        {product} {command line}
     intx CICompilerCount                          = 12                                        {product} {ergonomic}
    uintx GCTimeRatio                              = 4                                         {product} {command line}
     bool HeapDumpOnOutOfMemoryError               = true                                   {manageable} {command line}
    ccstr HeapDumpPath                             = c:\Users\HoTung\AppData\Roaming\Code\User\workspaceStorage\87f8cb035f6d262938a81ae34bf2e055\redhat.java         {manageable} {command line}
   size_t InitialHeapSize                          = 104857600                                 {product} {command line}
   size_t MaxHeapSize                              = 1073741824                                {product} {command line}
   size_t MaxNewSize                               = 357564416                                 {product} {ergonomic}
   size_t MinHeapDeltaBytes                        = 524288                                    {product} {ergonomic}
   size_t MinHeapSize                              = 104857600                                 {product} {command line}
   size_t NewSize                                  = 34603008                                  {product} {ergonomic}
    uintx NonNMethodCodeHeapSize                   = 7602480                                {pd product} {ergonomic}
    uintx NonProfiledCodeHeapSize                  = 122027880                              {pd product} {ergonomic}
   size_t OldSize                                  = 70254592                                  {product} {ergonomic}
    uintx ProfiledCodeHeapSize                     = 122027880                              {pd product} {ergonomic}
    uintx ReservedCodeCacheSize                    = 251658240                              {pd product} {ergonomic}
     bool SegmentedCodeCache                       = true                                      {product} {ergonomic}
   size_t SoftMaxHeapSize                          = 1073741824                             {manageable} {ergonomic}
     bool UseCompressedOops                        = true                           {product lp64_product} {ergonomic}
     bool UseLargePagesIndividualAllocation        = false                                  {pd product} {ergonomic}
     bool UseParallelGC                            = true                                      {product} {command line}

Logging:
Log output configuration:
 #0: stdout all=off uptime,level,tags foldmultilines=false
 #1: stderr all=off uptime,level,tags foldmultilines=false

Environment Variables:
JAVA_HOME=C:\Program Files\Eclipse Adoptium\jdk-17.0.12.7-hotspot\
PATH=C:\Program Files (x86)\VMware\VMware Workstation\bin\;C:\Windows\system32;C:\Windows;C:\Windows\System32\Wbem;C:\Windows\System32\WindowsPowerShell\v1.0\;C:\Windows\System32\OpenSSH\;C:\Program Files\Git\cmd;C:\Program Files\nodejs\;C:\ProgramData\chocolatey\bin;C:\msys64\ucrt64\bin;C:\Program Files\NVIDIA Corporation\NVIDIA app\NvDLISR;C:\Program Files (x86)\NVIDIA Corporation\PhysX\Common;C:\Program Files\Cloudflare\Cloudflare WARP\;C:\Program Files\MySQL\MySQL Server 8.0\bin;C:\Program Files\Docker\Docker\resources\bin;C:\Program Files (x86)\Microsoft SQL Server\160\Tools\Binn\;C:\Program Files\Microsoft SQL Server\160\Tools\Binn\;C:\Program Files\Microsoft SQL Server\Client SDK\ODBC\170\Tools\Binn\;C:\Program Files\Microsoft SQL Server\160\DTS\Binn\;C:\Program Files (x86)\Microsoft SQL Server\160\DTS\Binn\;C:\Program Files\Java\jdk-23\bin;C:\Program Files\Java\jdk-23\bin;C:\Users\HoTung\AppData\Local\Programs\Python\Python312\Scripts\;C:\Users\HoTung\AppData\Local\Programs\Python\Python312\;C:\msys64\ucrt64\bin;C:\Users\HoTung\AppData\Local\Programs\Microsoft VS Code\bin;C:\Users\HoTung\AppData\Roaming\npm;C:\Users\HoTung\.cache\lm-studio\bin;
USERNAME=HoTung
OS=Windows_NT
PROCESSOR_IDENTIFIER=Intel64 Family 6 Model 154 Stepping 3, GenuineIntel
TMP=C:\Users\HoTung\AppData\Local\Temp
TEMP=C:\Users\HoTung\AppData\Local\Temp




Periodic native trim disabled

---------------  S Y S T E M  ---------------

OS:
 Windows 11 , 64 bit Build 22621 (10.0.22621.4830)
OS uptime: 0 days 0:06 hours
Hyper-V role detected

CPU: total 16 (initial active 16) (8 cores per cpu, 2 threads per core) family 6 model 154 stepping 3 microcode 0x434, cx8, cmov, fxsr, ht, mmx, 3dnowpref, sse, sse2, sse3, ssse3, sse4.1, sse4.2, popcnt, lzcnt, tsc, tscinvbit, avx, avx2, aes, erms, clmul, bmi1, bmi2, adx, sha, fma, vzeroupper, clflush, clflushopt, clwb, hv, serialize, rdtscp, rdpid, fsrm, f16c, cet_ibt, cet_ss
Processor Information for processor 0
  Max Mhz: 2500, Current Mhz: 2500, Mhz Limit: 2500
Processor Information for processor 1
  Max Mhz: 2500, Current Mhz: 2500, Mhz Limit: 2500
Processor Information for processor 2
  Max Mhz: 2500, Current Mhz: 2500, Mhz Limit: 2500
Processor Information for processor 3
  Max Mhz: 2500, Current Mhz: 2500, Mhz Limit: 2500
Processor Information for processor 4
  Max Mhz: 2500, Current Mhz: 2500, Mhz Limit: 2500
Processor Information for processor 5
  Max Mhz: 2500, Current Mhz: 1532, Mhz Limit: 2500
Processor Information for processor 6
  Max Mhz: 2500, Current Mhz: 2500, Mhz Limit: 2500
Processor Information for processor 7
  Max Mhz: 2500, Current Mhz: 1532, Mhz Limit: 2500
Processor Information for processor 8
  Max Mhz: 2500, Current Mhz: 2500, Mhz Limit: 2500
Processor Information for processor 9
  Max Mhz: 2500, Current Mhz: 1527, Mhz Limit: 2500
Processor Information for processor 10
  Max Mhz: 2500, Current Mhz: 2500, Mhz Limit: 2500
Processor Information for processor 11
  Max Mhz: 2500, Current Mhz: 2500, Mhz Limit: 2500
Processor Information for processor 12
  Max Mhz: 2500, Current Mhz: 2500, Mhz Limit: 2500
Processor Information for processor 13
  Max Mhz: 2500, Current Mhz: 1527, Mhz Limit: 2500
Processor Information for processor 14
  Max Mhz: 2500, Current Mhz: 2500, Mhz Limit: 2500
Processor Information for processor 15
  Max Mhz: 2500, Current Mhz: 2500, Mhz Limit: 2500

Memory: 4k page, system-wide physical 16124M (220M free)
TotalPageFile size 51956M (AvailPageFile size 0M)
current process WorkingSet (physical memory assigned to process): 80M, peak: 87M
current process commit charge ("private bytes"): 216M, peak: 223M

vm_info: OpenJDK 64-Bit Server VM (21.0.6+7-LTS) for windows-amd64 JRE (21.0.6+7-LTS), built on 2025-01-21T00:00:00Z by "admin" with MS VC++ 17.7 (VS2022)

END.
